<?xml version="1.0" encoding="UTF-8"?>
<!-- Generated by org.testng.reporters.JUnitReportReporter -->
<testsuite hostname="DESKTOP-N6T2AN7" name="com.hrms.TestScripts.TC_002" tests="1" failures="0" timestamp="27 May 2019 22:03:51 GMT" time="6.424" errors="0">
  <testcase name="hrmsUserHomeTest" time="6.424" classname="com.hrms.TestScripts.TC_002"/>
</testsuite> <!-- com.hrms.TestScripts.TC_002 -->
