<?xml version="1.0" encoding="UTF-8"?>
<!-- Generated by org.testng.reporters.JUnitReportReporter -->
<testsuite hostname="DESKTOP-N6T2AN7" name="com.hrms.TestScripts.TC_001" tests="1" failures="0" timestamp="27 May 2019 22:03:51 GMT" time="7.293" errors="0">
  <testcase name="hrmsLoginTest" time="7.293" classname="com.hrms.TestScripts.TC_001"/>
</testsuite> <!-- com.hrms.TestScripts.TC_001 -->
