<?xml version="1.0" encoding="UTF-8"?>
<!-- Generated by org.testng.reporters.JUnitReportReporter -->
<testsuite hostname="DESKTOP-N6T2AN7" name="com.hrms.TestScripts.TC_003" tests="1" failures="0" timestamp="27 May 2019 22:03:51 GMT" time="9.111" errors="0">
  <testcase name="hrmsAddEmpTest" time="9.111" classname="com.hrms.TestScripts.TC_003"/>
</testsuite> <!-- com.hrms.TestScripts.TC_003 -->
