<?xml version="1.0" encoding="UTF-8"?>
<!-- Generated by org.testng.reporters.JUnitReportReporter -->
<testsuite hostname="DESKTOP-N6T2AN7" name="com.testDrivers.TestDriver" tests="1" failures="0" timestamp="27 May 2019 22:03:51 GMT" time="9.001" errors="0">
  <testcase name="tDriver" time="9.001" classname="com.testDrivers.TestDriver"/>
</testsuite> <!-- com.testDrivers.TestDriver -->
