<?xml version="1.0" encoding="UTF-8"?>
<!-- Generated by org.testng.reporters.JUnitReportReporter -->
<testsuite hostname="DESKTOP-N6T2AN7" name="com.testDrivers.TestDriver" tests="1" failures="0" timestamp="27 May 2019 23:19:55 GMT" time="10.496" errors="0">
  <testcase name="tDriver" time="10.496" classname="com.testDrivers.TestDriver"/>
</testsuite> <!-- com.testDrivers.TestDriver -->
